  [1m[36m (1.2ms)[0m  [1mCREATE TABLE "schema_migrations" ("version" varchar(255) NOT NULL) [0m
  [1m[35m (0.1ms)[0m  select sqlite_version(*)
  [1m[36m (1.2ms)[0m  [1mCREATE UNIQUE INDEX "unique_schema_migrations" ON "schema_migrations" ("version")[0m
  [1m[35mActiveRecord::SchemaMigration Load (0.1ms)[0m  SELECT "schema_migrations".* FROM "schema_migrations"
Migrating to CreateUsers (20140728192641)
  [1m[36m (0.1ms)[0m  [1mbegin transaction[0m
  [1m[35m (0.5ms)[0m  CREATE TABLE "users" ("id" INTEGER PRIMARY KEY AUTOINCREMENT NOT NULL, "username" varchar(255), "email" varchar(255), "name" varchar(255), "active" boolean DEFAULT 't' NOT NULL, "password_encrypted" varchar(255), "salt" varchar(255), "created_at" datetime, "updated_at" datetime) 
  [1m[36m (1.1ms)[0m  [1mCREATE UNIQUE INDEX "index_unique_username_email" ON "users" ("username", "email")[0m
  [1m[35mSQL (0.3ms)[0m  INSERT INTO "schema_migrations" ("version") VALUES (?)  [["version", "20140728192641"]]
  [1m[36m (1.4ms)[0m  [1mcommit transaction[0m
Migrating to CreateSchedules (20140729004524)
  [1m[35m (0.1ms)[0m  begin transaction
  [1m[36m (0.4ms)[0m  [1mCREATE TABLE "schedules" ("id" INTEGER PRIMARY KEY AUTOINCREMENT NOT NULL, "course_id" varchar(255), "weekday" varchar(255), "time" time, "classroom" varchar(255), "recurrence" varchar(255), "created_at" datetime, "updated_at" datetime) [0m
  [1m[35m (0.2ms)[0m  CREATE  INDEX "course_index" ON "schedules" ("course_id")
  [1m[36mSQL (0.2ms)[0m  [1mINSERT INTO "schema_migrations" ("version") VALUES (?)[0m  [["version", "20140729004524"]]
  [1m[35m (1.0ms)[0m  commit transaction
Migrating to CreateCourses (20140729004900)
  [1m[36m (0.1ms)[0m  [1mbegin transaction[0m
  [1m[35m (0.4ms)[0m  CREATE TABLE "courses" ("id" INTEGER PRIMARY KEY AUTOINCREMENT NOT NULL, "name" varchar(255), "description" varchar(255), "start" date, "end" date, "user_id" integer, "created_at" datetime, "updated_at" datetime) 
  [1m[36m (0.1ms)[0m  [1mCREATE  INDEX "user_index" ON "courses" ("user_id")[0m
  [1m[35mSQL (0.1ms)[0m  INSERT INTO "schema_migrations" ("version") VALUES (?)  [["version", "20140729004900"]]
  [1m[36m (0.8ms)[0m  [1mcommit transaction[0m
  [1m[35mActiveRecord::SchemaMigration Load (0.1ms)[0m  SELECT "schema_migrations".* FROM "schema_migrations"
  [1m[36m (0.1ms)[0m  [1m            SELECT sql
            FROM sqlite_master
            WHERE name='user_index' AND type='index'
            UNION ALL
            SELECT sql
            FROM sqlite_temp_master
            WHERE name='user_index' AND type='index'
[0m
  [1m[35m (0.1ms)[0m              SELECT sql
            FROM sqlite_master
            WHERE name='course_index' AND type='index'
            UNION ALL
            SELECT sql
            FROM sqlite_temp_master
            WHERE name='course_index' AND type='index'

  [1m[36m (0.1ms)[0m  [1m            SELECT sql
            FROM sqlite_master
            WHERE name='index_unique_username_email' AND type='index'
            UNION ALL
            SELECT sql
            FROM sqlite_temp_master
            WHERE name='index_unique_username_email' AND type='index'
[0m
  [1m[36m (0.2ms)[0m  [1mbegin transaction[0m
  [1m[35mUser Exists (0.3ms)[0m  SELECT  1 AS one FROM "users"  WHERE "users"."username" IS NULL LIMIT 1
  [1m[36mUser Exists (0.1ms)[0m  [1mSELECT  1 AS one FROM "users"  WHERE "users"."email" IS NULL LIMIT 1[0m
  [1m[35m (0.1ms)[0m  rollback transaction
  [1m[36m (0.1ms)[0m  [1mbegin transaction[0m
  [1m[35mUser Exists (0.2ms)[0m  SELECT  1 AS one FROM "users"  WHERE LOWER("users"."username") = LOWER('santicarmo31') LIMIT 1
  [1m[36mUser Exists (0.1ms)[0m  [1mSELECT  1 AS one FROM "users"  WHERE LOWER("users"."email") = LOWER('a') LIMIT 1[0m
  [1m[35m (0.1ms)[0m  rollback transaction
  [1m[36m (0.1ms)[0m  [1mbegin transaction[0m
  [1m[35mUser Exists (0.2ms)[0m  SELECT  1 AS one FROM "users"  WHERE LOWER("users"."username") = LOWER('santicarmo31') LIMIT 1
  [1m[36mUser Exists (0.2ms)[0m  [1mSELECT  1 AS one FROM "users"  WHERE LOWER("users"."email") = LOWER('santicarmo31@hotmail.com') LIMIT 1[0m
  [1m[35m (0.1ms)[0m  rollback transaction
  [1m[36m (0.1ms)[0m  [1mbegin transaction[0m
  [1m[35mUser Exists (0.2ms)[0m  SELECT  1 AS one FROM "users"  WHERE LOWER("users"."username") = LOWER('santicarmo31') LIMIT 1
  [1m[36mUser Exists (0.2ms)[0m  [1mSELECT  1 AS one FROM "users"  WHERE LOWER("users"."email") = LOWER('santicarmo31@hotmail.com') LIMIT 1[0m
  [1m[35mSQL (0.4ms)[0m  INSERT INTO "users" ("created_at", "email", "name", "password_encrypted", "salt", "updated_at", "username") VALUES (?, ?, ?, ?, ?, ?, ?)  [["created_at", "2014-07-29 18:20:03.615230"], ["email", "santicarmo31@hotmail.com"], ["name", "santiago carmona"], ["password_encrypted", "5313d139185558cf27306585e6181e8dac143186f9277df922e7916d6c8111cd"], ["salt", "e9b1ce41491a39ec8f9f5b4d428935ba03878de821977b1a0019c8a1552ad287"], ["updated_at", "2014-07-29 18:20:03.615230"], ["username", "santicarmo31"]]
  [1m[36m (0.7ms)[0m  [1mcommit transaction[0m
  [1m[35m (0.1ms)[0m  begin transaction
  [1m[36mUser Exists (0.8ms)[0m  [1mSELECT  1 AS one FROM "users"  WHERE LOWER("users"."username") = LOWER('maestro252') LIMIT 1[0m
  [1m[35mUser Exists (0.2ms)[0m  SELECT  1 AS one FROM "users"  WHERE LOWER("users"."email") = LOWER('santicarmo31@hotmail.com') LIMIT 1
  [1m[36m (0.1ms)[0m  [1mrollback transaction[0m
  [1m[35m (0.1ms)[0m  begin transaction
  [1m[36mUser Exists (0.2ms)[0m  [1mSELECT  1 AS one FROM "users"  WHERE LOWER("users"."username") = LOWER('maestro252') LIMIT 1[0m
  [1m[35mUser Exists (0.2ms)[0m  SELECT  1 AS one FROM "users"  WHERE LOWER("users"."email") = LOWER('jeidelma@eafit.edu.co') LIMIT 1
  [1m[36mSQL (0.4ms)[0m  [1mINSERT INTO "users" ("created_at", "email", "name", "password_encrypted", "salt", "updated_at", "username") VALUES (?, ?, ?, ?, ?, ?, ?)[0m  [["created_at", "2014-07-29 18:23:54.038283"], ["email", "jeidelma@eafit.edu.co"], ["name", "jonathan eidelman"], ["password_encrypted", "ab2cde2e3773a2c31e30a177059b09c9664b44bb1ecf3591c6329fe6c446f0e4"], ["salt", "6404abd50512563d43058dcebbadfa66831610b1c890a3194a24a49eb1e4af77"], ["updated_at", "2014-07-29 18:23:54.038283"], ["username", "maestro252"]]
  [1m[35m (8.3ms)[0m  commit transaction
  [1m[36mUser Load (0.2ms)[0m  [1mSELECT  "users".* FROM "users"  WHERE "users"."username" = 'maestro252' LIMIT 1[0m
  [1m[35mUser Load (0.3ms)[0m  SELECT  "users".* FROM "users"  WHERE "users"."username" = 'maestro252' LIMIT 1
  [1m[36mUser Load (0.3ms)[0m  [1mSELECT  "users".* FROM "users"  WHERE "users"."email" = 'santicarmo31@hotmail.com' LIMIT 1[0m
  [1m[35mCourse Load (0.2ms)[0m  SELECT "courses".* FROM "courses"  WHERE "courses"."user_id" = ?  [["user_id", 1]]
  [1m[36m (0.1ms)[0m  [1mbegin transaction[0m
  [1m[35mSQL (0.4ms)[0m  INSERT INTO "courses" ("created_at", "end", "name", "start", "updated_at", "user_id") VALUES (?, ?, ?, ?, ?, ?)  [["created_at", "2014-07-29 18:42:19.068808"], ["end", "2014-07-30"], ["name", "Calculo"], ["start", "2014-07-29"], ["updated_at", "2014-07-29 18:42:19.068808"], ["user_id", 1]]
  [1m[36m (8.9ms)[0m  [1mcommit transaction[0m
  [1m[35m (0.1ms)[0m  begin transaction
  [1m[36mSQL (0.5ms)[0m  [1mINSERT INTO "courses" ("created_at", "description", "end", "name", "start", "updated_at", "user_id") VALUES (?, ?, ?, ?, ?, ?, ?)[0m  [["created_at", "2014-07-29 18:45:34.640171"], ["description", "hfjkakjfjla"], ["end", "2014-08-08"], ["name", "Fisica"], ["start", "2014-07-29"], ["updated_at", "2014-07-29 18:45:34.640171"], ["user_id", 1]]
  [1m[35m (8.3ms)[0m  commit transaction
  [1m[36mUser Load (0.2ms)[0m  [1mSELECT  "users".* FROM "users"  WHERE "users"."username" = 'santicarmo31' LIMIT 1[0m
  [1m[35mCourse Exists (0.2ms)[0m  SELECT  1 AS one FROM "courses"  WHERE "courses"."user_id" = ? LIMIT 1  [["user_id", 1]]
  [1m[36m (0.2ms)[0m  [1mSELECT COUNT(*) FROM "courses"  WHERE "courses"."user_id" = ?[0m  [["user_id", 1]]
  [1m[35mCourse Load (0.4ms)[0m  SELECT "courses".* FROM "courses"  WHERE "courses"."user_id" = ?  [["user_id", 1]]
  [1m[36mUser Load (0.2ms)[0m  [1mSELECT  "users".* FROM "users"  WHERE "users"."username" = 'maestro252' LIMIT 1[0m
  [1m[35mUser Load (0.3ms)[0m  SELECT  "users".* FROM "users"  WHERE "users"."username" = 'maestro252' LIMIT 1
  [1m[36mUser Load (0.3ms)[0m  [1mSELECT  "users".* FROM "users"  WHERE "users"."username" = 'maestro252' LIMIT 1[0m
  [1m[35mUser Load (0.3ms)[0m  SELECT  "users".* FROM "users"  WHERE "users"."username" = 'saticarmo31' LIMIT 1
  [1m[36mUser Load (0.3ms)[0m  [1mSELECT  "users".* FROM "users"  WHERE "users"."username" = 'santicarmo31' LIMIT 1[0m
  [1m[35mCourse Exists (0.2ms)[0m  SELECT  1 AS one FROM "courses"  WHERE "courses"."user_id" = ? LIMIT 1  [["user_id", 1]]
  [1m[36m (0.3ms)[0m  [1mSELECT COUNT(*) FROM "courses"  WHERE "courses"."user_id" = ?[0m  [["user_id", 1]]
  [1m[35mCourse Load (0.3ms)[0m  SELECT "courses".* FROM "courses"  WHERE "courses"."user_id" = ?  [["user_id", 1]]
